# JRE version: Java(TM) SE Runtime Environment (8.0_60-b27) (build 1.8.0_60-b27)
# Java VM: Java HotSpot(TM) 64-Bit Server VM (25.60-b23 mixed mode windows-amd64 compressed oops)
Heap:
 PSYoungGen      total 137728K, used 78712K [0x00000000ef580000, 0x00000000f9d00000, 0x0000000100000000)
  eden space 137216K, 57% used [0x00000000ef580000,0x00000000f421e0c8,0x00000000f7b80000)
  from space 512K, 50% used [0x00000000f9c80000,0x00000000f9cc0000,0x00000000f9d00000)
  to   space 8704K, 0% used [0x00000000f8c00000,0x00000000f8c00000,0x00000000f9480000)
 ParOldGen       total 178176K, used 159642K [0x00000000ce000000, 0x00000000d8e00000, 0x00000000ef580000)
  object space 178176K, 89% used [0x00000000ce000000,0x00000000d7be6a38,0x00000000d8e00000)
 Metaspace       used 121823K, capacity 128954K, committed 129704K, reserved 1161216K
  class space    used 15800K, capacity 17983K, committed 18096K, reserved 1048576K
GC Heap History (10 events):
Event: 476904.958 GC heap before
{Heap before GC invocations=324 (full 92):
 PSYoungGen      total 166400K, used 157024K [0x00000000ef580000, 0x00000000fb700000, 0x0000000100000000)
  eden space 156160K, 100% used [0x00000000ef580000,0x00000000f8e00000,0x00000000f8e00000)
  from space 10240K, 8% used [0x00000000fa380000,0x00000000fa458010,0x00000000fad80000)
  to   space 9728K, 0% used [0x00000000fad80000,0x00000000fad80000,0x00000000fb700000)
 ParOldGen       total 178176K, used 158986K [0x00000000ce000000, 0x00000000d8e00000, 0x00000000ef580000)
  object space 178176K, 89% used [0x00000000ce000000,0x00000000d7b42a28,0x00000000d8e00000)
 Metaspace       used 121822K, capacity 128954K, committed 129704K, reserved 1161216K
  class space    used 15800K, capacity 17983K, committed 18096K, reserved 1048576K
Event: 476904.974 GC heap after
Heap after GC invocations=324 (full 92):
 PSYoungGen      total 153088K, used 832K [0x00000000ef580000, 0x00000000fae80000, 0x0000000100000000)
  eden space 152064K, 0% used [0x00000000ef580000,0x00000000ef580000,0x00000000f8a00000)
  from space 1024K, 81% used [0x00000000fad80000,0x00000000fae50010,0x00000000fae80000)
  to   space 9728K, 0% used [0x00000000f9b80000,0x00000000f9b80000,0x00000000fa500000)
 ParOldGen       total 178176K, used 158986K [0x00000000ce000000, 0x00000000d8e00000, 0x00000000ef580000)
  object space 178176K, 89% used [0x00000000ce000000,0x00000000d7b42a28,0x00000000d8e00000)
 Metaspace       used 121822K, capacity 128954K, committed 129704K, reserved 1161216K
  class space    used 15800K, capacity 17983K, committed 18096K, reserved 1048576K
}
Event: 487703.193 GC heap before
{Heap before GC invocations=325 (full 92):
 PSYoungGen      total 153088K, used 152896K [0x00000000ef580000, 0x00000000fae80000, 0x0000000100000000)
  eden space 152064K, 100% used [0x00000000ef580000,0x00000000f8a00000,0x00000000f8a00000)
  from space 1024K, 81% used [0x00000000fad80000,0x00000000fae50010,0x00000000fae80000)
  to   space 9728K, 0% used [0x00000000f9b80000,0x00000000f9b80000,0x00000000fa500000)
 ParOldGen       total 178176K, used 158986K [0x00000000ce000000, 0x00000000d8e00000, 0x00000000ef580000)
  object space 178176K, 89% used [0x00000000ce000000,0x00000000d7b42a28,0x00000000d8e00000)
 Metaspace       used 121822K, capacity 128954K, committed 129704K, reserved 1161216K
  class space    used 15800K, capacity 17983K, committed 18096K, reserved 1048576K
Event: 487703.208 GC heap after
Heap after GC invocations=325 (full 92):
 PSYoungGen      total 157696K, used 832K [0x00000000ef580000, 0x00000000fae00000, 0x0000000100000000)
  eden space 147968K, 0% used [0x00000000ef580000,0x00000000ef580000,0x00000000f8600000)
  from space 9728K, 8% used [0x00000000f9b80000,0x00000000f9c50010,0x00000000fa500000)
  to   space 9216K, 0% used [0x00000000fa500000,0x00000000fa500000,0x00000000fae00000)
 ParOldGen       total 178176K, used 158986K [0x00000000ce000000, 0x00000000d8e00000, 0x00000000ef580000)
  object space 178176K, 89% used [0x00000000ce000000,0x00000000d7b42a28,0x00000000d8e00000)
 Metaspace       used 121822K, capacity 128954K, committed 129704K, reserved 1161216K
  class space    used 15800K, capacity 17983K, committed 18096K, reserved 1048576K
}
Event: 498164.878 GC heap before
{Heap before GC invocations=326 (full 92):
 PSYoungGen      total 157696K, used 148800K [0x00000000ef580000, 0x00000000fae00000, 0x0000000100000000)
  eden space 147968K, 100% used [0x00000000ef580000,0x00000000f8600000,0x00000000f8600000)
  from space 9728K, 8% used [0x00000000f9b80000,0x00000000f9c50010,0x00000000fa500000)
  to   space 9216K, 0% used [0x00000000fa500000,0x00000000fa500000,0x00000000fae00000)
 ParOldGen       total 178176K, used 158986K [0x00000000ce000000, 0x00000000d8e00000, 0x00000000ef580000)
  object space 178176K, 89% used [0x00000000ce000000,0x00000000d7b42a28,0x00000000d8e00000)
 Metaspace       used 121822K, capacity 128954K, committed 129704K, reserved 1161216K
  class space    used 15800K, capacity 17983K, committed 18096K, reserved 1048576K
Event: 498164.893 GC heap after
Heap after GC invocations=326 (full 92):
 PSYoungGen      total 145408K, used 832K [0x00000000ef580000, 0x00000000fa600000, 0x0000000100000000)
  eden space 144384K, 0% used [0x00000000ef580000,0x00000000ef580000,0x00000000f8280000)
  from space 1024K, 81% used [0x00000000fa500000,0x00000000fa5d0010,0x00000000fa600000)
  to   space 9216K, 0% used [0x00000000f9400000,0x00000000f9400000,0x00000000f9d00000)
 ParOldGen       total 178176K, used 158986K [0x00000000ce000000, 0x00000000d8e00000, 0x00000000ef580000)
  object space 178176K, 89% used [0x00000000ce000000,0x00000000d7b42a28,0x00000000d8e00000)
 Metaspace       used 121822K, capacity 128954K, committed 129704K, reserved 1161216K
  class space    used 15800K, capacity 17983K, committed 18096K, reserved 1048576K
}
Event: 523404.073 GC heap before
{Heap before GC invocations=327 (full 92):
 PSYoungGen      total 145408K, used 145216K [0x00000000ef580000, 0x00000000fa600000, 0x0000000100000000)
  eden space 144384K, 100% used [0x00000000ef580000,0x00000000f8280000,0x00000000f8280000)
  from space 1024K, 81% used [0x00000000fa500000,0x00000000fa5d0010,0x00000000fa600000)
  to   space 9216K, 0% used [0x00000000f9400000,0x00000000f9400000,0x00000000f9d00000)
 ParOldGen       total 178176K, used 158986K [0x00000000ce000000, 0x00000000d8e00000, 0x00000000ef580000)
  object space 178176K, 89% used [0x00000000ce000000,0x00000000d7b42a28,0x00000000d8e00000)
 Metaspace       used 121822K, capacity 128954K, committed 129704K, reserved 1161216K
  class space    used 15800K, capacity 17983K, committed 18096K, reserved 1048576K
Event: 523404.094 GC heap after
Heap after GC invocations=327 (full 92):
 PSYoungGen      total 141312K, used 224K [0x00000000ef580000, 0x00000000fa580000, 0x0000000100000000)
  eden space 140800K, 0% used [0x00000000ef580000,0x00000000ef580000,0x00000000f7f00000)
  from space 512K, 43% used [0x00000000f9400000,0x00000000f9438000,0x00000000f9480000)
  to   space 9216K, 0% used [0x00000000f9c80000,0x00000000f9c80000,0x00000000fa580000)
 ParOldGen       total 178176K, used 159618K [0x00000000ce000000, 0x00000000d8e00000, 0x00000000ef580000)
  object space 178176K, 89% used [0x00000000ce000000,0x00000000d7be0a38,0x00000000d8e00000)
 Metaspace       used 121822K, capacity 128954K, committed 129704K, reserved 1161216K
  class space    used 15800K, capacity 17983K, committed 18096K, reserved 1048576K
}
Event: 596233.136 GC heap before
{Heap before GC invocations=328 (full 92):
 PSYoungGen      total 141312K, used 141024K [0x00000000ef580000, 0x00000000fa580000, 0x0000000100000000)
  eden space 140800K, 100% used [0x00000000ef580000,0x00000000f7f00000,0x00000000f7f00000)
  from space 512K, 43% used [0x00000000f9400000,0x00000000f9438000,0x00000000f9480000)
  to   space 9216K, 0% used [0x00000000f9c80000,0x00000000f9c80000,0x00000000fa580000)
 ParOldGen       total 178176K, used 159618K [0x00000000ce000000, 0x00000000d8e00000, 0x00000000ef580000)
  object space 178176K, 89% used [0x00000000ce000000,0x00000000d7be0a38,0x00000000d8e00000)
 Metaspace       used 121823K, capacity 128954K, committed 129704K, reserved 1161216K
  class space    used 15800K, capacity 17983K, committed 18096K, reserved 1048576K
Event: 596233.157 GC heap after
Heap after GC invocations=328 (full 92):
 PSYoungGen      total 137728K, used 256K [0x00000000ef580000, 0x00000000f9d00000, 0x0000000100000000)
  eden space 137216K, 0% used [0x00000000ef580000,0x00000000ef580000,0x00000000f7b80000)
  from space 512K, 50% used [0x00000000f9c80000,0x00000000f9cc0000,0x00000000f9d00000)
  to   space 8704K, 0% used [0x00000000f8c00000,0x00000000f8c00000,0x00000000f9480000)
 ParOldGen       total 178176K, used 159642K [0x00000000ce000000, 0x00000000d8e00000, 0x00000000ef580000)
  object space 178176K, 89% used [0x00000000ce000000,0x00000000d7be6a38,0x00000000d8e00000)
 Metaspace       used 121823K, capacity 128954K, committed 129704K, reserved 1161216K
  class space    used 15800K, capacity 17983K, committed 18096K, reserved 1048576K
}

