# JRE version: Java(TM) SE Runtime Environment (8.0_60-b27) (build 1.8.0_60-b27)
# Java VM: Java HotSpot(TM) 64-Bit Server VM (25.60-b23 mixed mode windows-amd64 compressed oops)
Heap:
 PSYoungGen      total 252928K, used 22570K [0x00000000ef580000, 0x00000000fff80000, 0x0000000100000000)
  eden space 233984K, 8% used [0x00000000ef580000,0x00000000f090b0f8,0x00000000fda00000)
  from space 18944K, 13% used [0x00000000fec80000,0x00000000feeffa28,0x00000000fff00000)
  to   space 18944K, 0% used [0x00000000fda00000,0x00000000fda00000,0x00000000fec80000)
 ParOldGen       total 267776K, used 124931K [0x00000000ce000000, 0x00000000de580000, 0x00000000ef580000)
  object space 267776K, 46% used [0x00000000ce000000,0x00000000d5a00f68,0x00000000de580000)
 Metaspace       used 98912K, capacity 106014K, committed 106920K, reserved 1142784K
  class space    used 11965K, capacity 14091K, committed 14256K, reserved 1048576K
GC Heap History (10 events):
Event: 490199.156 GC heap before
{Heap before GC invocations=1745 (full 155):
 PSYoungGen      total 253440K, used 252945K [0x00000000ef580000, 0x0000000100000000, 0x0000000100000000)
  eden space 239104K, 100% used [0x00000000ef580000,0x00000000fdf00000,0x00000000fdf00000)
  from space 14336K, 96% used [0x00000000fdf00000,0x00000000fec84598,0x00000000fed00000)
  to   space 18432K, 0% used [0x00000000fee00000,0x00000000fee00000,0x0000000100000000)
 ParOldGen       total 267776K, used 124931K [0x00000000ce000000, 0x00000000de580000, 0x00000000ef580000)
  object space 267776K, 46% used [0x00000000ce000000,0x00000000d5a00f68,0x00000000de580000)
 Metaspace       used 98897K, capacity 106006K, committed 106920K, reserved 1142784K
  class space    used 11964K, capacity 14089K, committed 14256K, reserved 1048576K
Event: 490199.172 GC heap after
Heap after GC invocations=1745 (full 155):
 PSYoungGen      total 254464K, used 10032K [0x00000000ef580000, 0x0000000100000000, 0x0000000100000000)
  eden space 236032K, 0% used [0x00000000ef580000,0x00000000ef580000,0x00000000fdc00000)
  from space 18432K, 54% used [0x00000000fee00000,0x00000000ff7cc068,0x0000000100000000)
  to   space 18432K, 0% used [0x00000000fdc00000,0x00000000fdc00000,0x00000000fee00000)
 ParOldGen       total 267776K, used 124931K [0x00000000ce000000, 0x00000000de580000, 0x00000000ef580000)
  object space 267776K, 46% used [0x00000000ce000000,0x00000000d5a00f68,0x00000000de580000)
 Metaspace       used 98897K, capacity 106006K, committed 106920K, reserved 1142784K
  class space    used 11964K, capacity 14089K, committed 14256K, reserved 1048576K
}
Event: 509972.476 GC heap before
{Heap before GC invocations=1746 (full 155):
 PSYoungGen      total 254464K, used 246064K [0x00000000ef580000, 0x0000000100000000, 0x0000000100000000)
  eden space 236032K, 100% used [0x00000000ef580000,0x00000000fdc00000,0x00000000fdc00000)
  from space 18432K, 54% used [0x00000000fee00000,0x00000000ff7cc068,0x0000000100000000)
  to   space 18432K, 0% used [0x00000000fdc00000,0x00000000fdc00000,0x00000000fee00000)
 ParOldGen       total 267776K, used 124931K [0x00000000ce000000, 0x00000000de580000, 0x00000000ef580000)
  object space 267776K, 46% used [0x00000000ce000000,0x00000000d5a00f68,0x00000000de580000)
 Metaspace       used 98899K, capacity 106006K, committed 106920K, reserved 1142784K
  class space    used 11964K, capacity 14089K, committed 14256K, reserved 1048576K
Event: 509972.500 GC heap after
Heap after GC invocations=1746 (full 155):
 PSYoungGen      total 249856K, used 13809K [0x00000000ef580000, 0x0000000100000000, 0x0000000100000000)
  eden space 236032K, 0% used [0x00000000ef580000,0x00000000ef580000,0x00000000fdc00000)
  from space 13824K, 99% used [0x00000000fdc00000,0x00000000fe97c5b8,0x00000000fe980000)
  to   space 19456K, 0% used [0x00000000fed00000,0x00000000fed00000,0x0000000100000000)
 ParOldGen       total 267776K, used 124931K [0x00000000ce000000, 0x00000000de580000, 0x00000000ef580000)
  object space 267776K, 46% used [0x00000000ce000000,0x00000000d5a00f68,0x00000000de580000)
 Metaspace       used 98899K, capacity 106006K, committed 106920K, reserved 1142784K
  class space    used 11964K, capacity 14089K, committed 14256K, reserved 1048576K
}
Event: 551951.193 GC heap before
{Heap before GC invocations=1747 (full 155):
 PSYoungGen      total 249856K, used 249841K [0x00000000ef580000, 0x0000000100000000, 0x0000000100000000)
  eden space 236032K, 100% used [0x00000000ef580000,0x00000000fdc00000,0x00000000fdc00000)
  from space 13824K, 99% used [0x00000000fdc00000,0x00000000fe97c5b8,0x00000000fe980000)
  to   space 19456K, 0% used [0x00000000fed00000,0x00000000fed00000,0x0000000100000000)
 ParOldGen       total 267776K, used 124931K [0x00000000ce000000, 0x00000000de580000, 0x00000000ef580000)
  object space 267776K, 46% used [0x00000000ce000000,0x00000000d5a00f68,0x00000000de580000)
 Metaspace       used 98911K, capacity 106014K, committed 106920K, reserved 1142784K
  class space    used 11965K, capacity 14091K, committed 14256K, reserved 1048576K
Event: 551951.213 GC heap after
Heap after GC invocations=1747 (full 155):
 PSYoungGen      total 253440K, used 2605K [0x00000000ef580000, 0x0000000100000000, 0x0000000100000000)
  eden space 233984K, 0% used [0x00000000ef580000,0x00000000ef580000,0x00000000fda00000)
  from space 19456K, 13% used [0x00000000fed00000,0x00000000fef8b5e8,0x0000000100000000)
  to   space 19456K, 0% used [0x00000000fda00000,0x00000000fda00000,0x00000000fed00000)
 ParOldGen       total 267776K, used 124931K [0x00000000ce000000, 0x00000000de580000, 0x00000000ef580000)
  object space 267776K, 46% used [0x00000000ce000000,0x00000000d5a00f68,0x00000000de580000)
 Metaspace       used 98911K, capacity 106014K, committed 106920K, reserved 1142784K
  class space    used 11965K, capacity 14091K, committed 14256K, reserved 1048576K
}
Event: 573391.142 GC heap before
{Heap before GC invocations=1748 (full 155):
 PSYoungGen      total 253440K, used 236589K [0x00000000ef580000, 0x0000000100000000, 0x0000000100000000)
  eden space 233984K, 100% used [0x00000000ef580000,0x00000000fda00000,0x00000000fda00000)
  from space 19456K, 13% used [0x00000000fed00000,0x00000000fef8b5e8,0x0000000100000000)
  to   space 19456K, 0% used [0x00000000fda00000,0x00000000fda00000,0x00000000fed00000)
 ParOldGen       total 267776K, used 124931K [0x00000000ce000000, 0x00000000de580000, 0x00000000ef580000)
  object space 267776K, 46% used [0x00000000ce000000,0x00000000d5a00f68,0x00000000de580000)
 Metaspace       used 98911K, capacity 106014K, committed 106920K, reserved 1142784K
  class space    used 11965K, capacity 14091K, committed 14256K, reserved 1048576K
Event: 573391.148 GC heap after
Heap after GC invocations=1748 (full 155):
 PSYoungGen      total 237056K, used 2574K [0x00000000ef580000, 0x00000000fff00000, 0x0000000100000000)
  eden space 233984K, 0% used [0x00000000ef580000,0x00000000ef580000,0x00000000fda00000)
  from space 3072K, 83% used [0x00000000fda00000,0x00000000fdc83a38,0x00000000fdd00000)
  to   space 18944K, 0% used [0x00000000fec80000,0x00000000fec80000,0x00000000fff00000)
 ParOldGen       total 267776K, used 124931K [0x00000000ce000000, 0x00000000de580000, 0x00000000ef580000)
  object space 267776K, 46% used [0x00000000ce000000,0x00000000d5a00f68,0x00000000de580000)
 Metaspace       used 98911K, capacity 106014K, committed 106920K, reserved 1142784K
  class space    used 11965K, capacity 14091K, committed 14256K, reserved 1048576K
}
Event: 606465.684 GC heap before
{Heap before GC invocations=1749 (full 155):
 PSYoungGen      total 237056K, used 236558K [0x00000000ef580000, 0x00000000fff00000, 0x0000000100000000)
  eden space 233984K, 100% used [0x00000000ef580000,0x00000000fda00000,0x00000000fda00000)
  from space 3072K, 83% used [0x00000000fda00000,0x00000000fdc83a38,0x00000000fdd00000)
  to   space 18944K, 0% used [0x00000000fec80000,0x00000000fec80000,0x00000000fff00000)
 ParOldGen       total 267776K, used 124931K [0x00000000ce000000, 0x00000000de580000, 0x00000000ef580000)
  object space 267776K, 46% used [0x00000000ce000000,0x00000000d5a00f68,0x00000000de580000)
 Metaspace       used 98912K, capacity 106014K, committed 106920K, reserved 1142784K
  class space    used 11965K, capacity 14091K, committed 14256K, reserved 1048576K
Event: 606465.705 GC heap after
Heap after GC invocations=1749 (full 155):
 PSYoungGen      total 252928K, used 2558K [0x00000000ef580000, 0x00000000fff80000, 0x0000000100000000)
  eden space 233984K, 0% used [0x00000000ef580000,0x00000000ef580000,0x00000000fda00000)
  from space 18944K, 13% used [0x00000000fec80000,0x00000000feeffa28,0x00000000fff00000)
  to   space 18944K, 0% used [0x00000000fda00000,0x00000000fda00000,0x00000000fec80000)
 ParOldGen       total 267776K, used 124931K [0x00000000ce000000, 0x00000000de580000, 0x00000000ef580000)
  object space 267776K, 46% used [0x00000000ce000000,0x00000000d5a00f68,0x00000000de580000)
 Metaspace       used 98912K, capacity 106014K, committed 106920K, reserved 1142784K
  class space    used 11965K, capacity 14091K, committed 14256K, reserved 1048576K
}

